<?xml version="1.0" encoding="UTF-8"?>
<testng-results ignored="0" total="1" passed="1" failed="0" skipped="0">
  <reporter-output>
  </reporter-output>
  <suite started-at="2025-04-08T12:39:25 IST" name="Default suite" finished-at="2025-04-08T12:39:25 IST" duration-ms="74">
    <groups>
    </groups>
    <test started-at="2025-04-08T12:39:25 IST" name="Default test" finished-at="2025-04-08T12:39:25 IST" duration-ms="74">
      <class name="kjhgf.practice">
        <test-method signature="mock()[pri:0, instance:kjhgf.practice@4550bb58]" started-at="2025-04-08T12:39:25 IST" name="mock" finished-at="2025-04-08T12:39:25 IST" duration-ms="16" status="PASS">
          <reporter-output>
          </reporter-output>
        </test-method> <!-- mock -->
      </class> <!-- kjhgf.practice -->
    </test> <!-- Default test -->
  </suite> <!-- Default suite -->
</testng-results>
