<?xml version="1.0" encoding="UTF-8"?>
<testng-results ignored="0" total="1" passed="1" failed="0" skipped="0">
  <reporter-output>
  </reporter-output>
  <suite started-at="2024-08-18T11:19:25 IST" name="Default suite" finished-at="2024-08-18T11:19:30 IST" duration-ms="5133">
    <groups>
    </groups>
    <test started-at="2024-08-18T11:19:25 IST" name="Default test" finished-at="2024-08-18T11:19:30 IST" duration-ms="5133">
      <class name="UmaSangada.SeleniumConcepts.Selenium_Static_dropdowns">
        <test-method signature="test()[pri:0, instance:UmaSangada.SeleniumConcepts.Selenium_Static_dropdowns@659499f1]" started-at="2024-08-18T11:19:25 IST" name="test" finished-at="2024-08-18T11:19:30 IST" duration-ms="5059" status="PASS">
          <reporter-output>
          </reporter-output>
        </test-method> <!-- test -->
      </class> <!-- UmaSangada.SeleniumConcepts.Selenium_Static_dropdowns -->
    </test> <!-- Default test -->
  </suite> <!-- Default suite -->
</testng-results>
